<?xml version="1.0" encoding="UTF-8"?>
<!-- Generated by org.testng.reporters.JUnitReportReporter -->
<testsuite hostname="DESKTOP-GGL60OK" failures="0" tests="1" name="com.sgtesting.actitime.driverscript.DriverScript" time="81.986" errors="0" timestamp="2021-11-02T06:58:40 IST" skipped="0">
  <testcase classname="com.sgtesting.actitime.driverscript.DriverScript" name="executeTestScenarios" time="81.986"/>
  <system-out/>
</testsuite> <!-- com.sgtesting.actitime.driverscript.DriverScript -->
